0 info it worked if it ends with ok
1 verbose cli [ '/usr/local/bin/node', '/usr/local/bin/npm', 'run', 'start' ]
2 info using npm@3.10.9
3 info using node@v6.0.0
4 verbose run-script [ 'prestart', 'start', 'poststart' ]
5 info lifecycle static-site@1.0.0~prestart: static-site@1.0.0
6 silly lifecycle static-site@1.0.0~prestart: no script for prestart, continuing
7 info lifecycle static-site@1.0.0~start: static-site@1.0.0
8 verbose lifecycle static-site@1.0.0~start: unsafe-perm in lifecycle true
9 verbose lifecycle static-site@1.0.0~start: PATH: /usr/local/lib/node_modules/npm/bin/node-gyp-bin:/Users/kathywu/Sites/static-site/node_modules/.bin:/Users/kathywu/.rvm/gems/ruby-2.2.1/bin:/Users/kathywu/.rvm/gems/ruby-2.2.1@global/bin:/Users/kathywu/.rvm/rubies/ruby-2.2.1/bin:/usr/local/bin:/usr/bin:/bin:/usr/sbin:/sbin:/Library/TeX/texbin:/Users/kathywu/.rvm/bin
10 verbose lifecycle static-site@1.0.0~start: CWD: /Users/kathywu/Sites/static-site
11 silly lifecycle static-site@1.0.0~start: Args: [ '-c', 'gulp' ]
12 silly lifecycle static-site@1.0.0~start: Returned: code: 1  signal: null
13 info lifecycle static-site@1.0.0~start: Failed to exec start script
14 verbose stack Error: static-site@1.0.0 start: `gulp`
14 verbose stack Exit status 1
14 verbose stack     at EventEmitter.<anonymous> (/usr/local/lib/node_modules/npm/lib/utils/lifecycle.js:255:16)
14 verbose stack     at emitTwo (events.js:106:13)
14 verbose stack     at EventEmitter.emit (events.js:191:7)
14 verbose stack     at ChildProcess.<anonymous> (/usr/local/lib/node_modules/npm/lib/utils/spawn.js:40:14)
14 verbose stack     at emitTwo (events.js:106:13)
14 verbose stack     at ChildProcess.emit (events.js:191:7)
14 verbose stack     at maybeClose (internal/child_process.js:850:16)
14 verbose stack     at Process.ChildProcess._handle.onexit (internal/child_process.js:215:5)
15 verbose pkgid static-site@1.0.0
16 verbose cwd /Users/kathywu/Sites/static-site
17 error Darwin 15.5.0
18 error argv "/usr/local/bin/node" "/usr/local/bin/npm" "run" "start"
19 error node v6.0.0
20 error npm  v3.10.9
21 error code ELIFECYCLE
22 error static-site@1.0.0 start: `gulp`
22 error Exit status 1
23 error Failed at the static-site@1.0.0 start script 'gulp'.
23 error Make sure you have the latest version of node.js and npm installed.
23 error If you do, this is most likely a problem with the static-site package,
23 error not with npm itself.
23 error Tell the author that this fails on your system:
23 error     gulp
23 error You can get information on how to open an issue for this project with:
23 error     npm bugs static-site
23 error Or if that isn't available, you can get their info via:
23 error     npm owner ls static-site
23 error There is likely additional logging output above.
24 verbose exit [ 1, true ]
